0 info it worked if it ends with ok
1 verbose cli [ '/usr/local/Cellar/node/7.6.0/bin/node',
1 verbose cli   '/usr/local/bin/npm',
1 verbose cli   'run',
1 verbose cli   'dev3' ]
2 info using npm@4.1.2
3 info using node@v7.6.0
4 verbose run-script [ 'predev3', 'dev3', 'postdev3' ]
5 info lifecycle todo@1.0.0~predev3: todo@1.0.0
6 silly lifecycle todo@1.0.0~predev3: no script for predev3, continuing
7 info lifecycle todo@1.0.0~dev3: todo@1.0.0
8 verbose lifecycle todo@1.0.0~dev3: unsafe-perm in lifecycle true
9 verbose lifecycle todo@1.0.0~dev3: PATH: /usr/local/lib/node_modules/npm/bin/node-gyp-bin:/Users/rush/Desktop/Aneesh/Work/NodeProjects/TodoUsingGraphQL/node_modules/.bin:/Users/rush/Desktop/Aneesh/Work/Software/google-cloud-sdk/bin:/usr/local/bin:/usr/local/bin:/usr/bin:/bin:/usr/sbin:/sbin
10 verbose lifecycle todo@1.0.0~dev3: CWD: /Users/rush/Desktop/Aneesh/Work/NodeProjects/TodoUsingGraphQL
11 silly lifecycle todo@1.0.0~dev3: Args: [ '-c', 'babel-node  server.js' ]
12 silly lifecycle todo@1.0.0~dev3: Returned: code: 1  signal: null
13 info lifecycle todo@1.0.0~dev3: Failed to exec dev3 script
14 verbose stack Error: todo@1.0.0 dev3: `babel-node  server.js`
14 verbose stack Exit status 1
14 verbose stack     at EventEmitter.<anonymous> (/usr/local/lib/node_modules/npm/lib/utils/lifecycle.js:279:16)
14 verbose stack     at emitTwo (events.js:106:13)
14 verbose stack     at EventEmitter.emit (events.js:192:7)
14 verbose stack     at ChildProcess.<anonymous> (/usr/local/lib/node_modules/npm/lib/utils/spawn.js:40:14)
14 verbose stack     at emitTwo (events.js:106:13)
14 verbose stack     at ChildProcess.emit (events.js:192:7)
14 verbose stack     at maybeClose (internal/child_process.js:890:16)
14 verbose stack     at Process.ChildProcess._handle.onexit (internal/child_process.js:226:5)
15 verbose pkgid todo@1.0.0
16 verbose cwd /Users/rush/Desktop/Aneesh/Work/NodeProjects/TodoUsingGraphQL
17 error Darwin 16.0.0
18 error argv "/usr/local/Cellar/node/7.6.0/bin/node" "/usr/local/bin/npm" "run" "dev3"
19 error node v7.6.0
20 error npm  v4.1.2
21 error code ELIFECYCLE
22 error todo@1.0.0 dev3: `babel-node  server.js`
22 error Exit status 1
23 error Failed at the todo@1.0.0 dev3 script 'babel-node  server.js'.
23 error Make sure you have the latest version of node.js and npm installed.
23 error If you do, this is most likely a problem with the todo package,
23 error not with npm itself.
23 error Tell the author that this fails on your system:
23 error     babel-node  server.js
23 error You can get information on how to open an issue for this project with:
23 error     npm bugs todo
23 error Or if that isn't available, you can get their info via:
23 error     npm owner ls todo
23 error There is likely additional logging output above.
24 verbose exit [ 1, true ]
